Flow report for Thesis_Project
Sat Nov 23 04:59:17 2024
Quartus II 64-Bit Version 13.0.1 Build 232 06/12/2013 Service Pack 1 SJ Web Edition


---------------------
; Table of Contents ;
---------------------
  1. Legal Notice
  2. Flow Summary
  3. Flow Settings
  4. Flow Non-Default Global Settings
  5. Flow Elapsed Time
  6. Flow OS Summary
  7. Flow Log
  8. Flow Messages
  9. Flow Suppressed Messages



----------------
; Legal Notice ;
----------------
Copyright (C) 1991-2013 Altera Corporation
Your use of Altera Corporation's design tools, logic functions 
and other software and tools, and its AMPP partner logic 
functions, and any output files from any of the foregoing 
(including device programming or simulation files), and any 
associated documentation or information are expressly subject 
to the terms and conditions of the Altera Program License 
Subscription Agreement, Altera MegaCore Function License 
Agreement, or other applicable license agreement, including, 
without limitation, that your use is for the sole purpose of 
programming logic devices manufactured by Altera and sold by 
Altera or its authorized distributors.  Please refer to the 
applicable agreement for further details.



+--------------------------------------------------------------------------------------+
; Flow Summary                                                                         ;
+------------------------------------+-------------------------------------------------+
; Flow Status                        ; Successful - Sat Nov 23 04:59:17 2024           ;
; Quartus II 64-Bit Version          ; 13.0.1 Build 232 06/12/2013 SP 1 SJ Web Edition ;
; Revision Name                      ; Thesis_Project                                  ;
; Top-level Entity Name              ; d_ff_trick                                      ;
; Family                             ; Cyclone IV GX                                   ;
; Total logic elements               ; 2 / 14,400 ( < 1 % )                            ;
;     Total combinational functions  ; 2 / 14,400 ( < 1 % )                            ;
;     Dedicated logic registers      ; 1 / 14,400 ( < 1 % )                            ;
; Total registers                    ; 1                                               ;
; Total pins                         ; 9 / 81 ( 11 % )                                 ;
; Total virtual pins                 ; 0                                               ;
; Total memory bits                  ; 0 / 552,960 ( 0 % )                             ;
; Embedded Multiplier 9-bit elements ; 0                                               ;
; Total GXB Receiver Channel PCS     ; 0 / 2 ( 0 % )                                   ;
; Total GXB Receiver Channel PMA     ; 0 / 2 ( 0 % )                                   ;
; Total GXB Transmitter Channel PCS  ; 0 / 2 ( 0 % )                                   ;
; Total GXB Transmitter Channel PMA  ; 0 / 2 ( 0 % )                                   ;
; Total PLLs                         ; 0 / 3 ( 0 % )                                   ;
; Device                             ; EP4CGX15BF14C6                                  ;
; Timing Models                      ; Final                                           ;
+------------------------------------+-------------------------------------------------+


+-----------------------------------------+
; Flow Settings                           ;
+-------------------+---------------------+
; Option            ; Setting             ;
+-------------------+---------------------+
; Start date & time ; 11/23/2024 04:58:42 ;
; Main task         ; Compilation         ;
; Revision Name     ; Thesis_Project      ;
+-------------------+---------------------+


+---------------------------------------------------------------------------------------------------------------------+
; Flow Non-Default Global Settings                                                                                    ;
+-------------------------------------+-------------------------------+----------------+-------------+----------------+
; Assignment Name                     ; Value                         ; Default Value  ; Entity Name ; Section Id     ;
+-------------------------------------+-------------------------------+----------------+-------------+----------------+
; COMPILER_SIGNATURE_ID               ; 4930996519629.173231272205696 ; --             ; --          ; --             ;
; EDA_GENERATE_FUNCTIONAL_NETLIST     ; On                            ; --             ; --          ; eda_simulation ;
; EDA_OUTPUT_DATA_FORMAT              ; Verilog Hdl                   ; --             ; --          ; eda_simulation ;
; EDA_SIMULATION_TOOL                 ; ModelSim-Altera (Verilog)     ; <None>         ; --          ; --             ;
; EDA_TIME_SCALE                      ; 1 ps                          ; --             ; --          ; eda_simulation ;
; PARTITION_COLOR                     ; 16764057                      ; --             ; d_ff_trick  ; Top            ;
; PARTITION_FITTER_PRESERVATION_LEVEL ; PLACEMENT_AND_ROUTING         ; --             ; d_ff_trick  ; Top            ;
; PARTITION_NETLIST_TYPE              ; SOURCE                        ; --             ; d_ff_trick  ; Top            ;
; PROJECT_OUTPUT_DIRECTORY            ; output_files                  ; --             ; --          ; --             ;
; TOP_LEVEL_ENTITY                    ; d_ff_trick                    ; Thesis_Project ; --          ; --             ;
+-------------------------------------+-------------------------------+----------------+-------------+----------------+


+-------------------------------------------------------------------------------------------------------------------------------+
; Flow Elapsed Time                                                                                                             ;
+---------------------------+--------------+-------------------------+---------------------+------------------------------------+
; Module Name               ; Elapsed Time ; Average Processors Used ; Peak Virtual Memory ; Total CPU Time (on all processors) ;
+---------------------------+--------------+-------------------------+---------------------+------------------------------------+
; Analysis & Synthesis      ; 00:00:03     ; 1.0                     ; 4646 MB             ; 00:00:02                           ;
; Fitter                    ; 00:00:14     ; 1.0                     ; 4978 MB             ; 00:00:04                           ;
; Assembler                 ; 00:00:02     ; 1.0                     ; 4600 MB             ; 00:00:02                           ;
; TimeQuest Timing Analyzer ; 00:00:03     ; 1.0                     ; 4604 MB             ; 00:00:02                           ;
; EDA Netlist Writer        ; 00:00:01     ; 1.0                     ; 4560 MB             ; 00:00:01                           ;
; Total                     ; 00:00:23     ; --                      ; --                  ; 00:00:11                           ;
+---------------------------+--------------+-------------------------+---------------------+------------------------------------+


+----------------------------------------------------------------------------------------+
; Flow OS Summary                                                                        ;
+---------------------------+------------------+-----------+------------+----------------+
; Module Name               ; Machine Hostname ; OS Name   ; OS Version ; Processor type ;
+---------------------------+------------------+-----------+------------+----------------+
; Analysis & Synthesis      ; BillCipher       ; Windows 7 ; 6.2        ; x86_64         ;
; Fitter                    ; BillCipher       ; Windows 7 ; 6.2        ; x86_64         ;
; Assembler                 ; BillCipher       ; Windows 7 ; 6.2        ; x86_64         ;
; TimeQuest Timing Analyzer ; BillCipher       ; Windows 7 ; 6.2        ; x86_64         ;
; EDA Netlist Writer        ; BillCipher       ; Windows 7 ; 6.2        ; x86_64         ;
+---------------------------+------------------+-----------+------------+----------------+


------------
; Flow Log ;
------------
quartus_map --read_settings_files=on --write_settings_files=off Thesis_Project -c Thesis_Project
quartus_fit --read_settings_files=off --write_settings_files=off Thesis_Project -c Thesis_Project
quartus_asm --read_settings_files=off --write_settings_files=off Thesis_Project -c Thesis_Project
quartus_sta Thesis_Project -c Thesis_Project
quartus_eda --read_settings_files=off --write_settings_files=off Thesis_Project -c Thesis_Project



